<?xml version="1.0" encoding="UTF-8"?>
<testsuite xmlns:xsi="http://www.w3.org/2001/XMLSchema-instance" xsi:noNamespaceSchemaLocation="https://maven.apache.org/surefire/maven-surefire-plugin/xsd/surefire-test-report-3.0.xsd" version="3.0" name="com.portfolio.cairn.unit.CacheEngineTest" time="0.111" tests="5" errors="0" skipped="0" failures="0">
  <properties>
[...]
</properties>
  <testcase name="testCacheEntryOverloadedExpiry" classname="com.portfolio.cairn.unit.CacheEngineTest" time="0.066"/>
  <testcase name="testCacheEntryHelperMethods" classname="com.portfolio.cairn.unit.CacheEngineTest" time="0.003"/>
  <testcase name="testCacheEntryDefaultExpiry" classname="com.portfolio.cairn.unit.CacheEngineTest" time="0.002"/>
  <testcase name="testInsertRetrieveDelete" classname="com.portfolio.cairn.unit.CacheEngineTest" time="0.006"/>
  <testcase name="testExistsDoesNotMutateMetadata" classname="com.portfolio.cairn.unit.CacheEngineTest" time="0.002"/>
</testsuite>